<?xml version="1.0" encoding="UTF-8"?>
<!-- Generated by org.testng.reporters.JUnitReportReporter -->
<testsuite hostname="ip-192-168-1-13.eu-west-1.compute.internal" failures="0" tests="1" name="services.sampleTest.sampleAllureReport" time="2.370" errors="0" timestamp="2023-02-05T16:23:34 TRT" skipped="0">
  <testcase classname="services.sampleTest.sampleAllureReport" name="getVerticals" time="2.370"/>
  <system-out/>
</testsuite> <!-- services.sampleTest.sampleAllureReport -->
